[2026-05-25 19:55:20] 
XLibre X Server 1.25.1.5
X Protocol Version 11, Revision 0
[2026-05-25 19:55:20] Current Operating System: FreeBSD besk 15.0-RELEASE-p8 FreeBSD 15.0-RELEASE-p8 releng/15.0-n281036-53054229dcb3 GENERIC amd64
[2026-05-25 19:55:20] Current version of pixman: 0.46.2
[2026-05-25 19:55:20] Markers: (--) probed, (**) from config file, (==) default setting,
	(++) from command line, (!!) notice, (II) informational,
	(WW) warning, (EE) error, (NI) not implemented, (??) unknown.
[2026-05-25 19:55:20] (==) Log file: "/var/log/Xorg.0.log", Time: Mon May 25 19:55:20 2026
[2026-05-25 19:55:20] (==) Using config directory: "/usr/local/etc/X11/xorg.conf.d"
[2026-05-25 19:55:20] (==) Using system config directory "/usr/local/share/X11/xorg.conf.d"
[2026-05-25 19:55:20] (==) Automatically adding devices
[2026-05-25 19:55:20] (==) Automatically enabling devices
[2026-05-25 19:55:20] (==) Automatically adding GPU devices
[2026-05-25 19:55:20] (==) Automatically binding GPU devices
[2026-05-25 19:55:20] (==) Max clients allowed: 256, resource mask: 0x1fffff
[2026-05-25 19:55:20] (==) No Layout section.  Using the first Screen section.
[2026-05-25 19:55:20] (==) No screen section available. Using defaults.
[2026-05-25 19:55:20] (**) |-->Screen "Default Screen Section" (0)
[2026-05-25 19:55:20] (**) |   |-->Monitor "<default monitor>"
[2026-05-25 19:55:20] (==) No device specified for screen "Default Screen Section".
	Using the first device section listed.
[2026-05-25 19:55:20] (**) |   |-->Device "Card0"
[2026-05-25 19:55:20] (==) No monitor specified for screen "Default Screen Section".
	Using a default monitor configuration.
[2026-05-25 19:55:20] (==) FontPath set to:
	/usr/local/share/fonts/misc/,
	/usr/local/share/fonts/TTF/,
	/usr/local/share/fonts/OTF/,
	/usr/local/share/fonts/Type1/,
	/usr/local/share/fonts/100dpi/,
	/usr/local/share/fonts/75dpi/,
	catalogue:/usr/local/etc/X11/fontpath.d
[2026-05-25 19:55:20] (==) ModulePath set to "/usr/local/lib/xorg/modules"
[2026-05-25 19:55:20] (II) The server relies on udev to provide the list of input devices.
	If no devices become available, reconfigure udev or disable AutoAddDevices.
[2026-05-25 19:55:20] (II) Module ABI versions:
[2026-05-25 19:55:20] 	X.Org ANSI C Emulation: 1.4
[2026-05-25 19:55:20] 	X.Org Video Driver: 28.1
[2026-05-25 19:55:20] 	X.Org XInput driver : 26.0
[2026-05-25 19:55:20] 	X.Org Server Extension : 11.0
[2026-05-25 19:55:20] (WW) seat-libseat: libseat integration requires -keeptty which was not provided, disabling
[2026-05-25 19:55:20] (--) PCI:*(0@0:2:0) 8086:22b1:17aa:5057 rev 33, Mem @ 0x90000000/16777216, 0x80000000/268435456, I/O @ 0x2000/64, BIOS @ 0x????????/65536
[2026-05-25 19:55:20] (II) LoadModule: "glx"
[2026-05-25 19:55:20] (II) Loading /usr/local/lib/xorg/modules/xlibre-25/extensions/libglx.so
[2026-05-25 19:55:20] (II) Module glx: vendor="X.Org Foundation"
[2026-05-25 19:55:20] 	compiled for 1.25.1.5, module version = 1.0.0
[2026-05-25 19:55:20] 	ABI class: X.Org Server Extension, version 11.0
[2026-05-25 19:55:20] (II) LoadModule: "intel"
[2026-05-25 19:55:20] (II) Loading /usr/local/lib/xorg/modules/xlibre-25/drivers/intel_drv.so
[2026-05-25 19:55:20] (II) Module intel: vendor="X.Org Foundation"
[2026-05-25 19:55:20] 	compiled for 1.25.1.5, module version = 25.0.1
[2026-05-25 19:55:20] 	Module class: X.Org Video Driver
[2026-05-25 19:55:20] 	ABI class: X.Org Video Driver, version 28.1
[2026-05-25 19:55:20] (II) intel: Driver for Intel(R) Integrated Graphics Chipsets:
	i810, i810-dc100, i810e, i815, i830M, 845G, 854, 852GM/855GM, 865G,
	915G, E7221 (i915), 915GM, 945G, 945GM, 945GME, Pineview GM,
	Pineview G, 965G, G35, 965Q, 946GZ, 965GM, 965GME/GLE, G33, Q35, Q33,
	GM45, 4 Series, G45/G43, Q45/Q43, G41, B43
[2026-05-25 19:55:20] (II) intel: Driver for Intel(R) HD Graphics
[2026-05-25 19:55:20] (II) intel: Driver for Intel(R) Iris(TM) Graphics
[2026-05-25 19:55:20] (II) intel: Driver for Intel(R) Iris(TM) Pro Graphics
[2026-05-25 19:55:20] (--) Using pcvt driver
[2026-05-25 19:55:20] (II)  PCI device 0@0:2:0 can be claimed.
[2026-05-25 19:55:20] (II)  PCI device 0@0:2:0 can be claimed.
[2026-05-25 19:55:23] (WW) VGA arbiter: cannot open kernel arbiter, no multi-card support
[2026-05-25 19:55:23] (II) intel(0): Creating default Display subsection in Screen section
	"Default Screen Section" for depth/fbbpp 24/32
[2026-05-25 19:55:23] (==) intel(0): Depth 24, (--) framebuffer bpp 32
[2026-05-25 19:55:23] (==) intel(0): RGB weight 888
[2026-05-25 19:55:23] (==) intel(0): Default visual is TrueColor
[2026-05-25 19:55:23] (**) intel(0): Option "Backlight" "/usr/local/bin/xbacklight"
[2026-05-25 19:55:23] (--) intel(0): Integrated Graphics Chipset: Intel(R) HD Graphics
[2026-05-25 19:55:23] (**) intel(0): Relaxed fencing enabled
[2026-05-25 19:55:23] (**) intel(0): Wait on SwapBuffers? enabled
[2026-05-25 19:55:23] (**) intel(0): Triple buffering? enabled
[2026-05-25 19:55:23] (**) intel(0): Framebuffer tiled
[2026-05-25 19:55:23] (**) intel(0): Pixmaps tiled
[2026-05-25 19:55:23] (**) intel(0): 3D buffers tiled
[2026-05-25 19:55:23] (**) intel(0): SwapBuffers wait enabled
[2026-05-25 19:55:23] (==) intel(0): video overlay key set to 0x101fe
[2026-05-25 19:55:24] (II) intel(0): Output eDP-1 has no monitor section
[2026-05-25 19:55:24] (EE) intel(0): unrecognised backlight control interface /usr/local/bin/xbacklight
[2026-05-25 19:55:24] (II) intel(0): Output DP-1 has no monitor section
[2026-05-25 19:55:24] (II) intel(0): Output HDMI-1 has no monitor section
[2026-05-25 19:55:24] (II) intel(0): Output DP-2 has no monitor section
[2026-05-25 19:55:24] (II) intel(0): Output HDMI-2 has no monitor section
[2026-05-25 19:55:24] (II) intel(0): EDID for output eDP-1
[2026-05-25 19:55:24] (II) intel(0): Manufacturer: BOE  Model: 608  Serial#: 0
[2026-05-25 19:55:24] (II) intel(0): Year: 2014  Week: 1
[2026-05-25 19:55:24] (II) intel(0): EDID Version: 1.4
[2026-05-25 19:55:24] (II) intel(0): Digital Display Input
[2026-05-25 19:55:24] (II) intel(0): 6 bits per channel
[2026-05-25 19:55:24] (II) intel(0): Digital interface is DisplayPort
[2026-05-25 19:55:24] (II) intel(0): Max Image Size [cm]: horiz.: 26  vert.: 15
[2026-05-25 19:55:24] (II) intel(0): Gamma: 2.20
[2026-05-25 19:55:24] (II) intel(0): No DPMS capabilities specified
[2026-05-25 19:55:24] (II) intel(0): Supported color encodings: RGB 4:4:4 
[2026-05-25 19:55:24] (II) intel(0): First detailed timing is preferred mode
[2026-05-25 19:55:24] (II) intel(0): Preferred mode is native pixel format and refresh rate
[2026-05-25 19:55:24] (II) intel(0): redX: 0.58 redY: 0.36   greenX: 0.34 greenY: 0.58
[2026-05-25 19:55:24] (II) intel(0): blueX: 0.16 blueY: 0.11   whiteX: 0.31 whiteY: 0.33
[2026-05-25 19:55:24] (II) intel(0): Manufacturer's mask: 0
[2026-05-25 19:55:24] (II) intel(0): Supported detailed timing:
[2026-05-25 19:55:24] (II) intel(0): clock: 72.30 MHz   Image Size:  256 x 144 mm
[2026-05-25 19:55:24] (II) intel(0): h_active: 1366  h_sync: 1414  h_sync_end 1446 h_blank_end 1526 h_border: 0
[2026-05-25 19:55:24] (II) intel(0): v_active: 768  v_sync: 771  v_sync_end 777 v_blanking: 790 v_border: 0
[2026-05-25 19:55:24] (II) intel(0): Unknown vendor-specific block 0
[2026-05-25 19:55:24] (II) intel(0):  BOE DT
[2026-05-25 19:55:24] (II) intel(0):  NT116WHM-N11
[2026-05-25 19:55:24] (II) intel(0): EDID (in hex):
[2026-05-25 19:55:24] (II) intel(0): 	00ffffffffffff0009e5080600000000
[2026-05-25 19:55:24] (II) intel(0): 	01180104951a0f78025d40945b579429
[2026-05-25 19:55:24] (II) intel(0): 	1c505400000001010101010101010101
[2026-05-25 19:55:24] (II) intel(0): 	0101010101013e1c56a0500016303020
[2026-05-25 19:55:24] (II) intel(0): 	360000901000001a0000000000000000
[2026-05-25 19:55:24] (II) intel(0): 	0000000000000000001a000000fe0042
[2026-05-25 19:55:24] (II) intel(0): 	4f452044540a202020202020000000fe
[2026-05-25 19:55:24] (II) intel(0): 	004e5431313657484d2d4e31310a00a3
[2026-05-25 19:55:24] (II) intel(0): Not using default mode "320x240" (doublescan mode not supported)
[2026-05-25 19:55:24] (II) intel(0): Not using default mode "400x300" (doublescan mode not supported)
[2026-05-25 19:55:24] (II) intel(0): Not using default mode "400x300" (doublescan mode not supported)
[2026-05-25 19:55:24] (II) intel(0): Not using default mode "512x384" (doublescan mode not supported)
[2026-05-25 19:55:24] (II) intel(0): Not using default mode "640x480" (doublescan mode not supported)
[2026-05-25 19:55:24] (II) intel(0): Not using default mode "640x512" (doublescan mode not supported)
[2026-05-25 19:55:24] (II) intel(0): Not using default mode "800x600" (doublescan mode not supported)
[2026-05-25 19:55:24] (II) intel(0): Not using default mode "896x672" (doublescan mode not supported)
[2026-05-25 19:55:24] (II) intel(0): Not using default mode "928x696" (doublescan mode not supported)
[2026-05-25 19:55:24] (II) intel(0): Not using default mode "960x720" (doublescan mode not supported)
[2026-05-25 19:55:24] (II) intel(0): Not using default mode "700x525" (doublescan mode not supported)
[2026-05-25 19:55:24] (II) intel(0): Not using default mode "1024x768" (doublescan mode not supported)
[2026-05-25 19:55:24] (II) intel(0): Not using default mode "320x180" (doublescan mode not supported)
[2026-05-25 19:55:24] (II) intel(0): Not using default mode "320x180" (doublescan mode not supported)
[2026-05-25 19:55:24] (II) intel(0): Not using default mode "360x202" (doublescan mode not supported)
[2026-05-25 19:55:24] (II) intel(0): Not using default mode "360x202" (doublescan mode not supported)
[2026-05-25 19:55:24] (II) intel(0): Not using default mode "432x243" (doublescan mode not supported)
[2026-05-25 19:55:24] (II) intel(0): Not using default mode "432x243" (doublescan mode not supported)
[2026-05-25 19:55:24] (II) intel(0): Not using default mode "480x270" (doublescan mode not supported)
[2026-05-25 19:55:24] (II) intel(0): Not using default mode "480x270" (doublescan mode not supported)
[2026-05-25 19:55:24] (II) intel(0): Not using default mode "512x288" (doublescan mode not supported)
[2026-05-25 19:55:24] (II) intel(0): Not using default mode "512x288" (doublescan mode not supported)
[2026-05-25 19:55:24] (II) intel(0): Not using default mode "640x360" (doublescan mode not supported)
[2026-05-25 19:55:24] (II) intel(0): Not using default mode "640x360" (doublescan mode not supported)
[2026-05-25 19:55:24] (II) intel(0): Not using default mode "684x384" (doublescan mode not supported)
[2026-05-25 19:55:24] (II) intel(0): Not using default mode "684x384" (doublescan mode not supported)
[2026-05-25 19:55:24] (II) intel(0): Not using default mode "800x450" (doublescan mode not supported)
[2026-05-25 19:55:24] (II) intel(0): Not using default mode "800x450" (doublescan mode not supported)
[2026-05-25 19:55:24] (II) intel(0): Not using default mode "960x540" (doublescan mode not supported)
[2026-05-25 19:55:24] (II) intel(0): Not using default mode "960x540" (doublescan mode not supported)
[2026-05-25 19:55:24] (II) intel(0): Not using default mode "1024x576" (doublescan mode not supported)
[2026-05-25 19:55:24] (II) intel(0): Not using default mode "1024x576" (doublescan mode not supported)
[2026-05-25 19:55:24] (II) intel(0): Not using default mode "1280x720" (doublescan mode not supported)
[2026-05-25 19:55:24] (II) intel(0): Not using default mode "1280x720" (doublescan mode not supported)
[2026-05-25 19:55:24] (II) intel(0): Not using default mode "640x400" (doublescan mode not supported)
[2026-05-25 19:55:24] (II) intel(0): Not using default mode "640x400" (doublescan mode not supported)
[2026-05-25 19:55:24] (II) intel(0): Not using default mode "700x450" (doublescan mode not supported)
[2026-05-25 19:55:24] (II) intel(0): Not using default mode "700x450" (doublescan mode not supported)
[2026-05-25 19:55:24] (II) intel(0): Not using default mode "840x525" (doublescan mode not supported)
[2026-05-25 19:55:24] (II) intel(0): Not using default mode "840x525" (doublescan mode not supported)
[2026-05-25 19:55:24] (II) intel(0): Not using default mode "960x600" (doublescan mode not supported)
[2026-05-25 19:55:24] (II) intel(0): Not using default mode "960x600" (doublescan mode not supported)
[2026-05-25 19:55:24] (II) intel(0): Printing probed modes for output eDP-1
[2026-05-25 19:55:24] (II) intel(0): Modeline "1366x768"x59.97  72.30  1366 1414 1446 1526  768 771 777 790 +hsync -vsync (47.38 kHz eP)
[2026-05-25 19:55:24] (II) intel(0): Modeline "1280x720"x59.86  74.50  1280 1344 1472 1664  720 723 728 748 -hsync +vsync (44.77 kHz d)
[2026-05-25 19:55:24] (II) intel(0): Modeline "1280x720"x59.74  63.75  1280 1328 1360 1440  720 723 728 741 +hsync -vsync (44.27 kHz d)
[2026-05-25 19:55:24] (II) intel(0): Modeline "1024x768"x60.00  65.00  1024 1048 1184 1344  768 771 777 806 -hsync -vsync (48.36 kHz d)
[2026-05-25 19:55:24] (II) intel(0): Modeline "1024x576"x59.90  46.50  1024 1064 1160 1296  576 579 584 599 -hsync +vsync (35.88 kHz d)
[2026-05-25 19:55:24] (II) intel(0): Modeline "1024x576"x59.82  42.00  1024 1072 1104 1184  576 579 584 593 +hsync -vsync (35.47 kHz d)
[2026-05-25 19:55:24] (II) intel(0): Modeline "960x540"x59.63  40.75  960 992 1088 1216  540 543 548 562 -hsync +vsync (33.51 kHz d)
[2026-05-25 19:55:24] (II) intel(0): Modeline "960x540"x59.82  37.25  960 1008 1040 1120  540 543 548 556 +hsync -vsync (33.26 kHz d)
[2026-05-25 19:55:24] (II) intel(0): Modeline "800x600"x60.32  40.00  800 840 968 1056  600 601 605 628 +hsync +vsync (37.88 kHz d)
[2026-05-25 19:55:24] (II) intel(0): Modeline "800x600"x56.25  36.00  800 824 896 1024  600 601 603 625 +hsync +vsync (35.16 kHz d)
[2026-05-25 19:55:24] (II) intel(0): Modeline "864x486"x59.92  32.50  864 888 968 1072  486 489 494 506 -hsync +vsync (30.32 kHz d)
[2026-05-25 19:55:24] (II) intel(0): Modeline "864x486"x59.57  30.50  864 912 944 1024  486 489 494 500 +hsync -vsync (29.79 kHz d)
[2026-05-25 19:55:24] (II) intel(0): Modeline "640x480"x59.94  25.18  640 656 752 800  480 490 492 525 -hsync -vsync (31.47 kHz d)
[2026-05-25 19:55:24] (II) intel(0): Modeline "720x405"x59.51  22.50  720 744 808 896  405 408 413 422 -hsync +vsync (25.11 kHz d)
[2026-05-25 19:55:24] (II) intel(0): Modeline "720x405"x58.99  21.75  720 768 800 880  405 408 413 419 +hsync -vsync (24.72 kHz d)
[2026-05-25 19:55:24] (II) intel(0): Modeline "640x360"x59.84  18.00  640 664 720 800  360 363 368 376 -hsync +vsync (22.50 kHz d)
[2026-05-25 19:55:24] (II) intel(0): Modeline "640x360"x59.32  17.75  640 688 720 800  360 363 368 374 +hsync -vsync (22.19 kHz d)
[2026-05-25 19:55:24] (II) intel(0): EDID for output DP-1
[2026-05-25 19:55:24] (II) intel(0): EDID for output HDMI-1
[2026-05-25 19:55:24] (II) intel(0): EDID for output DP-2
[2026-05-25 19:55:24] (II) intel(0): EDID for output HDMI-2
[2026-05-25 19:55:24] (II) intel(0): Output eDP-1 connected
[2026-05-25 19:55:24] (II) intel(0): Output DP-1 disconnected
[2026-05-25 19:55:24] (II) intel(0): Output HDMI-1 disconnected
[2026-05-25 19:55:24] (II) intel(0): Output DP-2 disconnected
[2026-05-25 19:55:24] (II) intel(0): Output HDMI-2 disconnected
[2026-05-25 19:55:24] (II) intel(0): Using exact sizes for initial modes
[2026-05-25 19:55:24] (II) intel(0): Output eDP-1 using initial mode 1366x768 +0+0
[2026-05-25 19:55:24] (II) intel(0): Kernel page flipping support detected, enabling
[2026-05-25 19:55:24] (==) intel(0): Using gamma correction (1.00, 1.00, 1.00)
[2026-05-25 19:55:24] (==) intel(0): DPI set to (96, 96)
[2026-05-25 19:55:24] (II) Loading sub module "fb"
[2026-05-25 19:55:24] (II) LoadModule: "fb"
[2026-05-25 19:55:24] (II) Module "fb" already built-in
[2026-05-25 19:55:24] (II) Loading sub module "dri2"
[2026-05-25 19:55:24] (II) LoadModule: "dri2"
[2026-05-25 19:55:24] (II) Module "dri2" already built-in
[2026-05-25 19:55:24] (II) intel(0): Allocated new frame buffer 1366x768 stride 5632, tiled
[2026-05-25 19:55:24] (II) UXA(0): Driver registered support for the following operations:
[2026-05-25 19:55:24] (II)         solid
[2026-05-25 19:55:24] (II)         copy
[2026-05-25 19:55:24] (II)         put_image
[2026-05-25 19:55:24] (II)         get_image
[2026-05-25 19:55:24] (WW) intel(0): cannot enable DRI2 whilst forcing software fallbacks
[2026-05-25 19:55:24] (==) intel(0): Backing store enabled
[2026-05-25 19:55:24] (==) intel(0): Silken mouse enabled
[2026-05-25 19:55:24] (II) intel(0): Initializing HW Cursor
[2026-05-25 19:55:24] (==) intel(0): DPMS enabled
[2026-05-25 19:55:24] (==) intel(0): Intel XvMC decoder enabled
[2026-05-25 19:55:24] (WW) intel(0): Disabling Xv because no adaptors could be initialized.
[2026-05-25 19:55:24] (II) intel(0): DRI2: Failed
[2026-05-25 19:55:24] (II) intel(0): DRI3: Disabled
[2026-05-25 19:55:24] (==) intel(0): hotplug detection: "enabled"
[2026-05-25 19:55:24] 
[2026-05-25 19:55:24] Backtrace:
[2026-05-25 19:55:24] unw_get_proc_name failed: no unwind info found [-10]
[2026-05-25 19:55:24] 0: /usr/local/libexec/Xorg (?+0x0) [0x39eb7a]
[2026-05-25 19:55:24] unw_get_proc_name failed: no unwind info found [-10]
[2026-05-25 19:55:24] 1: /lib/libthr.so.3 (?+0x0) [0x829bf72ea]
[2026-05-25 19:55:24] unw_get_proc_name failed: no unwind info found [-10]
[2026-05-25 19:55:24] 2: /lib/libthr.so.3 (?+0x0) [0x829bf68eb]
[2026-05-25 19:55:24] 3: <signal handler called>
[2026-05-25 19:55:24] unw_get_proc_name failed: no unwind info found [-10]
[2026-05-25 19:55:24] 4: /usr/local/lib/xorg/modules/xlibre-25/drivers/intel_drv.so (?+0x0) [0x836cefbca]
[2026-05-25 19:55:24] unw_get_proc_name failed: no unwind info found [-10]
[2026-05-25 19:55:24] 5: /usr/local/lib/xorg/modules/xlibre-25/drivers/intel_drv.so (?+0x0) [0x836cefb92]
[2026-05-25 19:55:24] unw_get_proc_name failed: no unwind info found [-10]
[2026-05-25 19:55:24] 6: /usr/local/libexec/Xorg (?+0x0) [0x2b72c0]
[2026-05-25 19:55:24] unw_get_proc_name failed: no unwind info found [-10]
[2026-05-25 19:55:24] 7: /usr/local/libexec/Xorg (?+0x0) [0x3bcd93]
[2026-05-25 19:55:24] unw_get_proc_name failed: no unwind info found [-10]
[2026-05-25 19:55:24] 8: /usr/local/libexec/Xorg (?+0x0) [0x2baf80]
[2026-05-25 19:55:24] 9: /lib/libc.so.7 (__libc_start1+0x12f) [0x82b3fb37f]
[2026-05-25 19:55:24] 10: /usr/local/libexec/Xorg (_start+0x24) [0x27c9a4]
[2026-05-25 19:55:24] 
[2026-05-25 19:55:24] Registers at frame #4:
[2026-05-25 19:55:24]   rax: 0xb9a556d8f97a4486
[2026-05-25 19:55:24]   rbx: 0x0
[2026-05-25 19:55:24]   rcx: 0x0
[2026-05-25 19:55:24]   rdx: 0x1
[2026-05-25 19:55:24]   rsi: 0x6
[2026-05-25 19:55:24]   rdi: 0x0
[2026-05-25 19:55:24]   rbp: 0x820e1b380
[2026-05-25 19:55:24]   rsp: 0x820e1b370
[2026-05-25 19:55:24]    r8: 0x2
[2026-05-25 19:55:24]    r9: 0x2
[2026-05-25 19:55:24]   r10: 0x0
[2026-05-25 19:55:24]   r11: 0x3206
[2026-05-25 19:55:24]   r12: 0xf706014d55c
[2026-05-25 19:55:24]   r13: 0x82b570e20
[2026-05-25 19:55:24]   r14: 0xf7060141240
[2026-05-25 19:55:24]   r15: 0xf7060108800
[2026-05-25 19:55:24] 
[2026-05-25 19:55:24] Segmentation fault at address 0x118
[2026-05-25 19:55:24] 
Fatal server error:
[2026-05-25 19:55:24] Caught signal 11 (Segmentation fault). Server aborting
[2026-05-25 19:55:24] 
[2026-05-25 19:55:24] 
Please consult the XLibre support: https://www.xlibre.net/
[2026-05-25 19:55:24] Please also check the log file at "/var/log/Xorg.0.log" for additional information.
[2026-05-25 19:55:24] 
[2026-05-25 19:55:24] 
[2026-05-25 19:55:24] Backtrace:
[2026-05-25 19:55:24] unw_get_proc_name failed: no unwind info found [-10]
[2026-05-25 19:55:24] 0: /usr/local/libexec/Xorg (?+0x0) [0x39eb7a]
[2026-05-25 19:55:24] unw_get_proc_name failed: no unwind info found [-10]
[2026-05-25 19:55:24] 1: /lib/libthr.so.3 (?+0x0) [0x829bf72ea]
[2026-05-25 19:55:24] unw_get_proc_name failed: no unwind info found [-10]
[2026-05-25 19:55:24] 2: /lib/libthr.so.3 (?+0x0) [0x829bf68eb]
[2026-05-25 19:55:24] 3: <signal handler called>
[2026-05-25 19:55:24] 4: /lib/libsys.so.7 (_thr_kill+0xa) [0x82e8479ea]
[2026-05-25 19:55:24] 5: /lib/libc.so.7 (_raise+0x34) [0x82b426894]
[2026-05-25 19:55:24] 6: /lib/libc.so.7 (abort+0x49) [0x82b4d86f9]
[2026-05-25 19:55:24] 7: /lib/libc.so.7 (__assert+0x51) [0x82b4095a1]
[2026-05-25 19:55:24] unw_get_proc_name failed: no unwind info found [-10]
[2026-05-25 19:55:24] 8: /usr/local/lib/xorg/modules/xlibre-25/drivers/intel_drv.so (?+0x0) [0x836b8a224]
[2026-05-25 19:55:24] unw_get_proc_name failed: no unwind info found [-10]
[2026-05-25 19:55:24] 9: /usr/local/lib/xorg/modules/xlibre-25/drivers/intel_drv.so (?+0x0) [0x836cefc57]
[2026-05-25 19:55:24] unw_get_proc_name failed: no unwind info found [-10]
[2026-05-25 19:55:24] 10: /usr/local/libexec/Xorg (?+0x0) [0x3bde5a]
[2026-05-25 19:55:24] unw_get_proc_name failed: no unwind info found [-10]
[2026-05-25 19:55:24] 11: /usr/local/libexec/Xorg (?+0x0) [0x3a4b4d]
[2026-05-25 19:55:24] 12: /usr/local/libexec/Xorg (FatalError+0x13c) [0x3a5afc]
[2026-05-25 19:55:24] unw_get_proc_name failed: no unwind info found [-10]
[2026-05-25 19:55:24] 13: /usr/local/libexec/Xorg (?+0x0) [0x39ebf5]
[2026-05-25 19:55:24] unw_get_proc_name failed: no unwind info found [-10]
[2026-05-25 19:55:24] 14: /lib/libthr.so.3 (?+0x0) [0x829bf72ea]
[2026-05-25 19:55:24] unw_get_proc_name failed: no unwind info found [-10]
[2026-05-25 19:55:24] 15: /lib/libthr.so.3 (?+0x0) [0x829bf68eb]
[2026-05-25 19:55:24] 16: <signal handler called>
[2026-05-25 19:55:24] unw_get_proc_name failed: no unwind info found [-10]
[2026-05-25 19:55:24] 17: /usr/local/lib/xorg/modules/xlibre-25/drivers/intel_drv.so (?+0x0) [0x836cefbca]
[2026-05-25 19:55:24] unw_get_proc_name failed: no unwind info found [-10]
[2026-05-25 19:55:24] 18: /usr/local/lib/xorg/modules/xlibre-25/drivers/intel_drv.so (?+0x0) [0x836cefb92]
[2026-05-25 19:55:24] unw_get_proc_name failed: no unwind info found [-10]
[2026-05-25 19:55:24] 19: /usr/local/libexec/Xorg (?+0x0) [0x2b72c0]
[2026-05-25 19:55:24] unw_get_proc_name failed: no unwind info found [-10]
[2026-05-25 19:55:24] 20: /usr/local/libexec/Xorg (?+0x0) [0x3bcd93]
[2026-05-25 19:55:24] unw_get_proc_name failed: no unwind info found [-10]
[2026-05-25 19:55:24] 21: /usr/local/libexec/Xorg (?+0x0) [0x2baf80]
[2026-05-25 19:55:24] 22: /lib/libc.so.7 (__libc_start1+0x12f) [0x82b3fb37f]
[2026-05-25 19:55:24] 23: /usr/local/libexec/Xorg (_start+0x24) [0x27c9a4]
[2026-05-25 19:55:24] 
[2026-05-25 19:55:24] Registers at frame #17:
[2026-05-25 19:55:24]   rax: 0xb9a556d8f97a4486
[2026-05-25 19:55:24]   rbx: 0x0
[2026-05-25 19:55:24]   rcx: 0x0
[2026-05-25 19:55:24]   rdx: 0x1
[2026-05-25 19:55:24]   rsi: 0x6
[2026-05-25 19:55:24]   rdi: 0x0
[2026-05-25 19:55:24]   rbp: 0x820e1b380
[2026-05-25 19:55:24]   rsp: 0x820e1b370
[2026-05-25 19:55:24]    r8: 0x2
[2026-05-25 19:55:24]    r9: 0x2
[2026-05-25 19:55:24]   r10: 0x0
[2026-05-25 19:55:24]   r11: 0x3206
[2026-05-25 19:55:24]   r12: 0xf706014d55c
[2026-05-25 19:55:24]   r13: 0x82b570e20
[2026-05-25 19:55:24]   r14: 0xf7060141240
[2026-05-25 19:55:24]   r15: 0xf7060108800
[2026-05-25 19:55:24] 
[2026-05-25 19:55:24] 
FatalError re-entered, aborting
[2026-05-25 19:55:24] Caught signal 6 (Abort trap). Server aborting
[2026-05-25 19:55:24] 
