================================================================================
ARCH LINUX INSTALLATION LOG
================================================================================
Installation Date: August 7, 2025 (01:17 CEST / August 6, 2025 23:17 UTC)
Generated from: System analysis and pacman.log
ISO Used: ARCH_202507 (July 2025)
Installation Method: archinstall (inferred from timing and package selection)

================================================================================
HARDWARE INFORMATION
================================================================================
Machine: Lenovo ThinkPad X1 Carbon Gen 9
CPU: 11th Gen Intel(R) Core(TM) i5-1135G7 @ 2.40GHz (8 cores)
Architecture: x86_64
Firmware: N32ET75W (1.51) - Thu 2021-12-02
Machine ID: 0762e993712a434b8dcc22c343bdec90

================================================================================
DISK CONFIGURATION
================================================================================
Target Device: /dev/nvme0n1 (238GB NVMe SSD)
Partitioning Scheme: GPT/UEFI

Partition Layout:
├─ /dev/nvme0n1p1: 1GB FAT32 (EFI System Partition) - UUID: 25B5-DDC5
└─ /dev/nvme0n1p2: 237GB Btrfs (Root + Home) - UUID: d814af88-a58e-4b77-bec3-5ee039a2fba1

Mount Points:
/ (root)     -> /dev/nvme0n1p2 (btrfs)
/boot        -> /dev/nvme0n1p1 (vfat)  
/home        -> /dev/nvme0n1p2 (btrfs subvolume)
/var/log     -> /dev/nvme0n1p2 (btrfs subvolume)
/var/cache/pacman/pkg -> /dev/nvme0n1p2 (btrfs subvolume)

Filesystem: Btrfs (single device, with subvolumes)
Swap: zram0 (dynamic swap in RAM)

================================================================================
BOOTLOADER CONFIGURATION
================================================================================
Bootloader: GRUB (UEFI)
Package: grub 2:2.12.r292.g73d1c959-1
EFI Manager: efibootmgr 18-3
Current Boot: NVMe0 (Boot001C)

================================================================================
SYSTEM CONFIGURATION
================================================================================
Hostname: x1
Timezone: CEST (Central European Summer Time)
Kernel: Linux 6.15.9-arch1-1 (installed at 2025-08-06T23:17:24+0000)

Base Packages Installed:
- base 3-2
- base-devel 1-2  
- linux 6.15.9-arch1-1
- linux-firmware 20250708-1 (complete firmware bundle)
- systemd 257.8-1
- grub 2:2.12.r292.g73d1c959-1
- btrfs-progs 6.15-1

================================================================================
PACKAGE GROUPS AND SELECTIONS
================================================================================
Kernel: linux (standard kernel)
Firmware: Minimal firmware selection (preferred):
- intel-ucode (Intel CPU microcode updates - essential)
- sof-firmware (Sound Open Firmware for audio)

Note: Currently installed with complete linux-firmware bundle
Recommendation: Remove unnecessary firmware packages for cleaner system

================================================================================
FIRMWARE OPTIMIZATION RECOMMENDATIONS
================================================================================
Your preferred minimal firmware setup (from suckless/pkglist.txt):
- intel-ucode (essential for Intel i5-1135G7)
- sof-firmware (required for ThinkPad audio)

To optimize to minimal firmware:
1. Keep only essential firmware:
   pacman -S intel-ucode sof-firmware
   
2. Remove unnecessary firmware packages:
   pacman -Rs linux-firmware-amdgpu linux-firmware-nvidia 
   pacman -Rs linux-firmware-radeon linux-firmware-broadcom
   pacman -Rs linux-firmware-atheros linux-firmware-mediatek
   pacman -Rs linux-firmware-cirrus linux-firmware-other
   
3. Keep core linux-firmware for basic hardware support

Development Tools: base-devel (complete development toolchain)

================================================================================
INSTALLATION TIMELINE
================================================================================
23:17:17 - Core system packages installation began
23:17:18 - Base system (glibc, bash, coreutils) installed
23:17:19 - SystemD installed and configured
23:17:22 - Base and systemd-sysvcompat packages
23:17:24 - Kernel and firmware installation
23:17:24 - Btrfs tools installed
23:18:15 - GRUB bootloader installed
23:18:16 - EFI boot manager configured
[Installation continued with additional packages...]

================================================================================
POST-INSTALLATION STATUS
================================================================================
System State: Fully functional
Boot Status: Successfully booting from NVMe SSD
Current Usage: 6.5GB used of 238GB total (3%)
Installation USB: Still connected as /dev/sda (ARCH_202507 ISO)

================================================================================
NOTES
================================================================================
- Installation completed successfully with btrfs filesystem
- UEFI boot configuration working properly
- System configured for development with base-devel
- Complete firmware support for various hardware
- Installation USB can be safely removed or kept for future use
- This log was reconstructed from pacman.log and system analysis

================================================================================
VERIFICATION COMMANDS
================================================================================
To verify this installation configuration:
- lsblk -f                    # Check partition layout
- df -h                       # Check filesystem usage  
- efibootmgr                  # Check boot configuration
- pacman -Q | wc -l           # Count installed packages
- hostnamectl                 # System information
- journalctl -b 0             # Current boot messages

================================================================================
